  [1m[36m (5.1ms)[0m  [1mCREATE TABLE "schema_migrations" ("version" character varying NOT NULL) [0m
  [1m[35m (2.4ms)[0m  CREATE UNIQUE INDEX  "unique_schema_migrations" ON "schema_migrations"  ("version")
  [1m[36mActiveRecord::SchemaMigration Load (0.2ms)[0m  [1mSELECT "schema_migrations".* FROM "schema_migrations"[0m
Migrating to CreatePosts (20151028211027)
  [1m[35m (0.1ms)[0m  BEGIN
  [1m[36m (0.1ms)[0m  [1mROLLBACK[0m
  [1m[36mActiveRecord::SchemaMigration Load (0.2ms)[0m  [1mSELECT "schema_migrations".* FROM "schema_migrations"[0m
Migrating to CreatePosts (20151028211027)
  [1m[35m (0.1ms)[0m  BEGIN
  [1m[36m (0.2ms)[0m  [1mROLLBACK[0m
  [1m[36mActiveRecord::SchemaMigration Load (0.2ms)[0m  [1mSELECT "schema_migrations".* FROM "schema_migrations"[0m
Migrating to CreatePosts (20151028211746)
  [1m[35m (0.1ms)[0m  BEGIN
  [1m[36m (7.2ms)[0m  [1mCREATE TABLE "posts" ("id" serial primary key, "title" character varying, "content" text, "post_time" timestamp, "created_at" timestamp NOT NULL, "updated_at" timestamp NOT NULL) [0m
  [1m[35mSQL (1.1ms)[0m  INSERT INTO "schema_migrations" ("version") VALUES ($1)  [["version", "20151028211746"]]
  [1m[36m (1.1ms)[0m  [1mCOMMIT[0m
  [1m[35mActiveRecord::SchemaMigration Load (0.3ms)[0m  SELECT "schema_migrations".* FROM "schema_migrations"
  [1m[36m (1.4ms)[0m  [1mSELECT t2.oid::regclass::text AS to_table, a1.attname AS column, a2.attname AS primary_key, c.conname AS name, c.confupdtype AS on_update, c.confdeltype AS on_delete
FROM pg_constraint c
JOIN pg_class t1 ON c.conrelid = t1.oid
JOIN pg_class t2 ON c.confrelid = t2.oid
JOIN pg_attribute a1 ON a1.attnum = c.conkey[1] AND a1.attrelid = t1.oid
JOIN pg_attribute a2 ON a2.attnum = c.confkey[1] AND a2.attrelid = t2.oid
JOIN pg_namespace t3 ON c.connamespace = t3.oid
WHERE c.contype = 'f'
  AND t1.relname = 'posts'
  AND t3.nspname = ANY (current_schemas(false))
ORDER BY c.conname
[0m


Started GET "/posts/new" for 127.0.0.1 at 2015-10-28 14:19:48 -0700
  [1m[36mActiveRecord::SchemaMigration Load (0.2ms)[0m  [1mSELECT "schema_migrations".* FROM "schema_migrations"[0m
Processing by PostsController#new as HTML
  Rendered posts/_form.html.erb (29.2ms)
  Rendered posts/new.html.erb within layouts/application (43.0ms)
Completed 200 OK in 1431ms (Views: 1409.9ms | ActiveRecord: 1.4ms)


Started GET "/assets/scaffolds.self-47e3ce45c4aa377148f3ca733a141c6f95c4529b79ba5da72c2ebe91fc0b0b42.css?body=1" for 127.0.0.1 at 2015-10-28 14:19:50 -0700


Started GET "/posts/" for 127.0.0.1 at 2015-10-28 14:19:53 -0700
Processing by PostsController#index as HTML
  [1m[35mPost Load (3.8ms)[0m  SELECT "posts".* FROM "posts"
  Rendered posts/index.html.erb within layouts/application (6.4ms)
Completed 200 OK in 68ms (Views: 63.5ms | ActiveRecord: 3.8ms)


Started GET "/posts/new" for 127.0.0.1 at 2015-10-28 14:20:12 -0700
Processing by PostsController#new as HTML
  Rendered posts/_form.html.erb (2.8ms)
  Rendered posts/new.html.erb within layouts/application (4.4ms)
Completed 200 OK in 28ms (Views: 27.1ms | ActiveRecord: 0.0ms)


Started GET "/posts" for 127.0.0.1 at 2015-10-28 14:20:38 -0700
Processing by PostsController#index as HTML
  [1m[36mPost Load (0.2ms)[0m  [1mSELECT "posts".* FROM "posts"[0m
  Rendered posts/index.html.erb within layouts/application (1.4ms)
Completed 200 OK in 19ms (Views: 18.2ms | ActiveRecord: 0.2ms)


Started GET "/posts/new" for 127.0.0.1 at 2015-10-28 14:20:49 -0700
Processing by PostsController#new as HTML
  Rendered posts/_form.html.erb (5.7ms)
  Rendered posts/new.html.erb within layouts/application (9.0ms)
Completed 200 OK in 56ms (Views: 55.2ms | ActiveRecord: 0.0ms)


Started POST "/posts" for 127.0.0.1 at 2015-10-28 14:21:00 -0700
Processing by PostsController#create as HTML
  Parameters: {"utf8"=>"✓", "authenticity_token"=>"AAd7v4BZ7Q/J8xbaPa+vk1vqtzFbf5WxKT7bCJ+i4+vQjvbwdxE1ntqPhRDIsPNZ1zrAdVpUMP3+4ChvRbHwjw==", "post"=>{"title"=>"First!", "content"=>"first post", "post_time(1i)"=>"2015", "post_time(2i)"=>"10", "post_time(3i)"=>"28", "post_time(4i)"=>"21", "post_time(5i)"=>"20"}, "commit"=>"Create Post"}
  [1m[35m (0.7ms)[0m  BEGIN
  [1m[36mSQL (0.4ms)[0m  [1mINSERT INTO "posts" ("title", "content", "post_time", "created_at", "updated_at") VALUES ($1, $2, $3, $4, $5) RETURNING "id"[0m  [["title", "First!"], ["content", "first post"], ["post_time", "2015-10-28 21:20:00.000000"], ["created_at", "2015-10-28 21:21:00.901387"], ["updated_at", "2015-10-28 21:21:00.901387"]]
  [1m[35m (1.0ms)[0m  COMMIT
Redirected to http://localhost:3000/posts/1
Completed 302 Found in 12ms (ActiveRecord: 2.6ms)


Started GET "/posts/1" for 127.0.0.1 at 2015-10-28 14:21:00 -0700
Processing by PostsController#show as HTML
  Parameters: {"id"=>"1"}
  [1m[36mPost Load (0.3ms)[0m  [1mSELECT  "posts".* FROM "posts" WHERE "posts"."id" = $1 LIMIT 1[0m  [["id", 1]]
  Rendered posts/show.html.erb within layouts/application (0.8ms)
Completed 200 OK in 48ms (Views: 37.0ms | ActiveRecord: 0.3ms)


Started GET "/posts/1" for 127.0.0.1 at 2015-10-28 14:27:38 -0700
Processing by PostsController#show as HTML
  Parameters: {"id"=>"1"}
  [1m[35mPost Load (0.2ms)[0m  SELECT  "posts".* FROM "posts" WHERE "posts"."id" = $1 LIMIT 1  [["id", 1]]
  Rendered posts/show.html.erb within layouts/application (0.3ms)
Completed 200 OK in 38ms (Views: 36.8ms | ActiveRecord: 0.2ms)


Started GET "/assets/posts.self-e3b0c44298fc1c149afbf4c8996fb92427ae41e4649b934ca495991b7852b855.css?body=1" for 127.0.0.1 at 2015-10-28 14:27:38 -0700


Started GET "/assets/scaffolds.self-47e3ce45c4aa377148f3ca733a141c6f95c4529b79ba5da72c2ebe91fc0b0b42.css?body=1" for 127.0.0.1 at 2015-10-28 14:27:38 -0700


Started GET "/assets/application.self-e80e8f2318043e8af94dddc2adad5a4f09739a8ebb323b3ab31cd71d45fd9113.css?body=1" for 127.0.0.1 at 2015-10-28 14:27:38 -0700


Started GET "/assets/jquery.self-a714331225dda820228db323939889f149aec0127aeb06255646b616ba1ca419.js?body=1" for 127.0.0.1 at 2015-10-28 14:27:38 -0700


Started GET "/assets/jquery_ujs.self-d456baa54c1fa6be2ec3711f0a72ddf7a5b2f34a6b4f515f33767d6207b7d4b3.js?body=1" for 127.0.0.1 at 2015-10-28 14:27:38 -0700


Started GET "/assets/posts.self-877aef30ae1b040ab8a3aba4e3e309a11d7f2612f44dde450b5c157aa5f95c05.js?body=1" for 127.0.0.1 at 2015-10-28 14:27:38 -0700


Started GET "/assets/application.self-3b8dabdc891efe46b9a144b400ad69e37d7e5876bdc39dee783419a69d7ca819.js?body=1" for 127.0.0.1 at 2015-10-28 14:27:38 -0700


Started GET "/assets/turbolinks.self-c37727e9bd6b2735da5c311aa83fead54ed0be6cc8bd9a65309e9c5abe2cbfff.js?body=1" for 127.0.0.1 at 2015-10-28 14:27:38 -0700


Started GET "/posts/1/edit" for 127.0.0.1 at 2015-10-28 14:27:42 -0700
Processing by PostsController#edit as HTML
  Parameters: {"id"=>"1"}
  [1m[36mPost Load (0.2ms)[0m  [1mSELECT  "posts".* FROM "posts" WHERE "posts"."id" = $1 LIMIT 1[0m  [["id", 1]]
  Rendered posts/_form.html.erb (6.1ms)
  Rendered posts/edit.html.erb within layouts/application (12.0ms)
Completed 200 OK in 68ms (Views: 66.9ms | ActiveRecord: 0.2ms)


Started GET "/posts/1" for 127.0.0.1 at 2015-10-28 14:27:46 -0700
Processing by PostsController#show as HTML
  Parameters: {"id"=>"1"}
  [1m[35mPost Load (0.4ms)[0m  SELECT  "posts".* FROM "posts" WHERE "posts"."id" = $1 LIMIT 1  [["id", 1]]
  Rendered posts/show.html.erb within layouts/application (0.6ms)
Completed 200 OK in 31ms (Views: 29.9ms | ActiveRecord: 0.4ms)


Started GET "/posts" for 127.0.0.1 at 2015-10-28 14:27:48 -0700
Processing by PostsController#index as HTML
  [1m[36mPost Load (0.9ms)[0m  [1mSELECT "posts".* FROM "posts"[0m
  Rendered posts/index.html.erb within layouts/application (1.9ms)
Completed 200 OK in 31ms (Views: 29.8ms | ActiveRecord: 0.9ms)


Started GET "/posts/1" for 127.0.0.1 at 2015-10-28 14:27:57 -0700
Processing by PostsController#show as HTML
  Parameters: {"id"=>"1"}
  [1m[35mPost Load (0.2ms)[0m  SELECT  "posts".* FROM "posts" WHERE "posts"."id" = $1 LIMIT 1  [["id", 1]]
  Rendered posts/show.html.erb within layouts/application (0.3ms)
Completed 200 OK in 27ms (Views: 26.2ms | ActiveRecord: 0.2ms)


Started GET "/posts" for 127.0.0.1 at 2015-10-28 14:27:59 -0700
Processing by PostsController#index as HTML
  [1m[36mPost Load (0.8ms)[0m  [1mSELECT "posts".* FROM "posts"[0m
  Rendered posts/index.html.erb within layouts/application (1.7ms)
Completed 200 OK in 28ms (Views: 26.6ms | ActiveRecord: 0.8ms)
